<?xml version="1.0" encoding="UTF-8"?>
<!-- Generated by org.testng.reporters.JUnitReportReporter -->
<testsuite hostname="DESKTOP-QI6H2EA" failures="0" tests="1" name="youCaterApi.youCaterApi.LogoutAPI" time="8.231" errors="0" timestamp="2025-02-23T14:21:53 PKT" skipped="0">
  <testcase classname="youCaterApi.youCaterApi.LogoutAPI" name="testLogout" time="8.231"/>
  <system-out/>
</testsuite> <!-- youCaterApi.youCaterApi.LogoutAPI -->
